Using pre-set license
Built from '2022.3/staging' branch; Version is '2022.3.8f1 (b5eafc012955) revision 11922172'; Using compiler version '192829333'; Build Type 'Release'
OS: 'Windows 11  (10.0.22621) 64bit Core' Language: 'en' Physical Memory: 15679 MB
BatchMode: 1, IsHumanControllingUs: 0, StartBugReporterOnCrash: 0, Is64bit: 1, IsPro: 1

COMMAND LINE ARGUMENTS:
C:\Program Files\Unity\Hub\Editor\2022.3.8f1\Editor\Unity.exe
-adb2
-batchMode
-noUpm
-name
AssetImportWorker2
-projectPath
C:/Users/nandi/OneDrive/Desktop/Unity/Pair Project Hill climb
-logFile
Logs/AssetImportWorker2.log
-srvPort
50038
Successfully changed project path to: C:/Users/nandi/OneDrive/Desktop/Unity/Pair Project Hill climb
C:/Users/nandi/OneDrive/Desktop/Unity/Pair Project Hill climb
[UnityMemory] Configuration Parameters - Can be set up in boot.config
    "memorysetup-bucket-allocator-granularity=16"
    "memorysetup-bucket-allocator-bucket-count=8"
    "memorysetup-bucket-allocator-block-size=33554432"
    "memorysetup-bucket-allocator-block-count=8"
    "memorysetup-main-allocator-block-size=16777216"
    "memorysetup-thread-allocator-block-size=16777216"
    "memorysetup-gfx-main-allocator-block-size=16777216"
    "memorysetup-gfx-thread-allocator-block-size=16777216"
    "memorysetup-cache-allocator-block-size=4194304"
    "memorysetup-typetree-allocator-block-size=2097152"
    "memorysetup-profiler-bucket-allocator-granularity=16"
    "memorysetup-profiler-bucket-allocator-bucket-count=8"
    "memorysetup-profiler-bucket-allocator-block-size=33554432"
    "memorysetup-profiler-bucket-allocator-block-count=8"
    "memorysetup-profiler-allocator-block-size=16777216"
    "memorysetup-profiler-editor-allocator-block-size=1048576"
    "memorysetup-temp-allocator-size-main=16777216"
    "memorysetup-job-temp-allocator-block-size=2097152"
    "memorysetup-job-temp-allocator-block-size-background=1048576"
    "memorysetup-job-temp-allocator-reduction-small-platforms=262144"
    "memorysetup-allocator-temp-initial-block-size-main=262144"
    "memorysetup-allocator-temp-initial-block-size-worker=262144"
    "memorysetup-temp-allocator-size-background-worker=32768"
    "memorysetup-temp-allocator-size-job-worker=262144"
    "memorysetup-temp-allocator-size-preload-manager=33554432"
    "memorysetup-temp-allocator-size-nav-mesh-worker=65536"
    "memorysetup-temp-allocator-size-audio-worker=65536"
    "memorysetup-temp-allocator-size-cloud-worker=32768"
    "memorysetup-temp-allocator-size-gi-baking-worker=262144"
    "memorysetup-temp-allocator-size-gfx=262144"
Player connection [16512] Host "[IP] 10.5.1.242 [Port] 0 [Flags] 2 [Guid] 1995245957 [EditorId] 1995245957 [Version] 1048832 [Id] WindowsEditor(7,Squishy) [Debug] 1 [PackageName] WindowsEditor [ProjectName] Editor" joined multi-casting on [225.0.0.222:54997]...

Player connection [16512] Host "[IP] 10.5.1.242 [Port] 0 [Flags] 2 [Guid] 1995245957 [EditorId] 1995245957 [Version] 1048832 [Id] WindowsEditor(7,Squishy) [Debug] 1 [PackageName] WindowsEditor [ProjectName] Editor" joined alternative multi-casting on [225.0.0.222:34997]...

[Physics::Module] Initialized MultithreadedJobDispatcher with 15 workers.
Refreshing native plugins compatible for Editor in 23.02 ms, found 4 plugins.
Preloading 0 native plugins for Editor in 0.00 ms.
Initialize engine version: 2022.3.8f1 (b5eafc012955)
[Subsystems] Discovering subsystems at path C:/Program Files/Unity/Hub/Editor/2022.3.8f1/Editor/Data/Resources/UnitySubsystems
[Subsystems] Discovering subsystems at path C:/Users/nandi/OneDrive/Desktop/Unity/Pair Project Hill climb/Assets
GfxDevice: creating device client; threaded=0; jobified=0
Direct3D:
    Version:  Direct3D 11.0 [level 11.1]
    Renderer: AMD Radeon (TM) Graphics (ID=0x15e7)
    Vendor:   ATI
    VRAM:     7839 MB
    Driver:   31.0.14058.5004
Initialize mono
Mono path[0] = 'C:/Program Files/Unity/Hub/Editor/2022.3.8f1/Editor/Data/Managed'
Mono path[1] = 'C:/Program Files/Unity/Hub/Editor/2022.3.8f1/Editor/Data/MonoBleedingEdge/lib/mono/unityjit-win32'
Mono config path = 'C:/Program Files/Unity/Hub/Editor/2022.3.8f1/Editor/Data/MonoBleedingEdge/etc'
Using monoOptions --debugger-agent=transport=dt_socket,embedding=1,server=y,suspend=n,address=127.0.0.1:56008
Begin MonoManager ReloadAssembly
Registering precompiled unity dll's ...
Register platform support module: C:/Program Files/Unity/Hub/Editor/2022.3.8f1/Editor/Data/PlaybackEngines/WebGLSupport/UnityEditor.WebGL.Extensions.dll
Register platform support module: C:/Program Files/Unity/Hub/Editor/2022.3.8f1/Editor/Data/PlaybackEngines/WindowsStandaloneSupport/UnityEditor.WindowsStandalone.Extensions.dll
Registered in 0.014964 seconds.
- Loaded All Assemblies, in  0.525 seconds
Native extension for WindowsStandalone target not found
Native extension for WebGL target not found
Mono: successfully reloaded assembly
- Finished resetting the current domain, in  0.319 seconds
Domain Reload Profiling: 839ms
	BeginReloadAssembly (152ms)
		ExecutionOrderSort (0ms)
		DisableScriptedObjects (0ms)
		BackupInstance (0ms)
		ReleaseScriptingObjects (0ms)
		CreateAndSetChildDomain (1ms)
	RebuildCommonClasses (46ms)
	RebuildNativeTypeToScriptingClass (17ms)
	initialDomainReloadingComplete (86ms)
	LoadAllAssembliesAndSetupDomain (219ms)
		LoadAssemblies (150ms)
		RebuildTransferFunctionScriptingTraits (0ms)
		AnalyzeDomain (216ms)
			TypeCache.Refresh (213ms)
				TypeCache.ScanAssembly (192ms)
			ScanForSourceGeneratedMonoScriptInfo (1ms)
			ResolveRequiredComponents (1ms)
	FinalizeReload (320ms)
		ReleaseScriptCaches (0ms)
		RebuildScriptCaches (0ms)
		SetupLoadedEditorAssemblies (248ms)
			LogAssemblyErrors (0ms)
			InitializePlatformSupportModulesInManaged (16ms)
			SetLoadedEditorAssemblies (6ms)
			RefreshPlugins (0ms)
			BeforeProcessingInitializeOnLoad (2ms)
			ProcessInitializeOnLoadAttributes (164ms)
			ProcessInitializeOnLoadMethodAttributes (59ms)
			AfterProcessingInitializeOnLoad (0ms)
			EditorAssembliesLoaded (0ms)
		ExecutionOrderSort2 (0ms)
		AwakeInstancesAfterBackupRestoration (0ms)
========================================================================
Worker process is ready to serve import requests
Begin MonoManager ReloadAssembly
- Loaded All Assemblies, in  1.153 seconds
Refreshing native plugins compatible for Editor in 7.63 ms, found 4 plugins.
Native extension for WindowsStandalone target not found
Native extension for WebGL target not found
Package Manager log level set to [2]
[Package Manager] Server::EnsureServerProcessIsRunning -- launch failed, reason: Unity was launched with the -noUpm command-line argument
[Package Manager] UpmClient::Send -- Unable to send message (not connected to UPM process).
[Package Manager] Cannot connect to Unity Package Manager local server
Mono: successfully reloaded assembly
- Finished resetting the current domain, in  0.935 seconds
Domain Reload Profiling: 2080ms
	BeginReloadAssembly (218ms)
		ExecutionOrderSort (0ms)
		DisableScriptedObjects (7ms)
		BackupInstance (0ms)
		ReleaseScriptingObjects (0ms)
		CreateAndSetChildDomain (32ms)
	RebuildCommonClasses (45ms)
	RebuildNativeTypeToScriptingClass (12ms)
	initialDomainReloadingComplete (66ms)
	LoadAllAssembliesAndSetupDomain (804ms)
		LoadAssemblies (565ms)
		RebuildTransferFunctionScriptingTraits (0ms)
		AnalyzeDomain (366ms)
			TypeCache.Refresh (302ms)
				TypeCache.ScanAssembly (276ms)
			ScanForSourceGeneratedMonoScriptInfo (48ms)
			ResolveRequiredComponents (14ms)
	FinalizeReload (936ms)
		ReleaseScriptCaches (0ms)
		RebuildScriptCaches (0ms)
		SetupLoadedEditorAssemblies (724ms)
			LogAssemblyErrors (0ms)
			InitializePlatformSupportModulesInManaged (12ms)
			SetLoadedEditorAssemblies (4ms)
			RefreshPlugins (0ms)
			BeforeProcessingInitializeOnLoad (107ms)
			ProcessInitializeOnLoadAttributes (463ms)
			ProcessInitializeOnLoadMethodAttributes (126ms)
			AfterProcessingInitializeOnLoad (13ms)
			EditorAssembliesLoaded (0ms)
		ExecutionOrderSort2 (0ms)
		AwakeInstancesAfterBackupRestoration (8ms)
Launched and connected shader compiler UnityShaderCompiler.exe after 0.08 seconds
Refreshing native plugins compatible for Editor in 10.17 ms, found 4 plugins.
Preloading 0 native plugins for Editor in 0.00 ms.
Unloading 5632 Unused Serialized files (Serialized files now loaded: 0)
Unloading 99 unused Assets / (0.9 MB). Loaded Objects now: 6077.
Memory consumption went from 211.4 MB to 210.5 MB.
Total: 9.453400 ms (FindLiveObjects: 0.644600 ms CreateObjectMapping: 0.609500 ms MarkObjects: 7.462600 ms  DeleteObjects: 0.735100 ms)

AssetImportParameters requested are different than current active one (requested -> active):
  custom:container-demuxer-ogg: 62fdf1f143b41e24485cea50d1cbac27 -> 
  custom:video-codec-MediaFoundation-h265: 746d11721c4dcdbdad8f713fa42b33f4 -> 
  custom:video-decoder-ogg-theora: a1e56fd34408186e4bbccfd4996cb3dc -> 
  custom:framework-win-MediaFoundation: 216162199b28c13a410421893ffa2e32 -> 
  custom:CustomObjectIndexerAttribute: a3ef5dd2817f97addfee359851a9dba5 -> 
  custom:container-demuxer-webm: 4f35f7cbe854078d1ac9338744f61a02 -> 
  custom:container-muxer-webm: aa71ff27fc2769a1b78a27578f13a17b -> 
  custom:video-decoder-webm-vp8: 9c59270c3fd7afecdb556c50c9e8de78 -> 
  custom:SearchIndexIgnoredProperties: e643bd26f0fe6173181afceb89e7c659 -> 
  custom:AudioImporter_EditorPlatform: d09bf68614088b80899f8185d706f6e7 -> 
  custom:video-encoder-webm-vp8: eb34c28f22e8b96e1ab97ce403110664 -> 
  custom:audio-decoder-ogg-vorbis: bf7c407c2cedff20999df2af8eb42d56 -> 
  custom:audio-encoder-webm-vorbis: bf7c407c2cedff20999df2af8eb42d56 -> 
========================================================================
Received Import Request.
  Time since last request: 829.610709 seconds.
  path: Assets/car-icon-monster.png
  artifactKey: Guid(be9208d06197c5143a3e412751831cc5) Importer(815301076,1909f56bfc062723c751e8b465ee728b)
Start importing Assets/car-icon-monster.png using Guid(be9208d06197c5143a3e412751831cc5) Importer(815301076,1909f56bfc062723c751e8b465ee728b)  -> (artifact id: '2e3da9042ba9a870be5f1fe31f6a0baa') in 0.134667 seconds
Number of updated asset objects reloaded before import = 0
Number of asset objects unloaded after import = 3
========================================================================
Received Import Request.
  Time since last request: 0.000062 seconds.
  path: Assets/car-tank.png
  artifactKey: Guid(89591bff89cc6f14e9670a48cf474919) Importer(815301076,1909f56bfc062723c751e8b465ee728b)
Start importing Assets/car-tank.png using Guid(89591bff89cc6f14e9670a48cf474919) Importer(815301076,1909f56bfc062723c751e8b465ee728b)  -> (artifact id: 'dd5330b1d38c567b272f5e030c551a58') in 0.030975 seconds
Number of updated asset objects reloaded before import = 0
Number of asset objects unloaded after import = 3
========================================================================
Received Import Request.
  Time since last request: 0.000033 seconds.
  path: Assets/fuel-icon.png
  artifactKey: Guid(db38f75635c196e489dbc60885e5cbf6) Importer(815301076,1909f56bfc062723c751e8b465ee728b)
Start importing Assets/fuel-icon.png using Guid(db38f75635c196e489dbc60885e5cbf6) Importer(815301076,1909f56bfc062723c751e8b465ee728b)  -> (artifact id: '952112afb00b8630d923f7e8ccdf539b') in 0.031902 seconds
Number of updated asset objects reloaded before import = 0
Number of asset objects unloaded after import = 3
========================================================================
Received Import Request.
  Time since last request: 0.000035 seconds.
  path: Assets/Coin500.png
  artifactKey: Guid(dc3f3716f156dfe478e1d229bce14e9f) Importer(815301076,1909f56bfc062723c751e8b465ee728b)
Start importing Assets/Coin500.png using Guid(dc3f3716f156dfe478e1d229bce14e9f) Importer(815301076,1909f56bfc062723c751e8b465ee728b)  -> (artifact id: '13b7fafdd95b5370136b19205805806d') in 0.029553 seconds
Number of updated asset objects reloaded before import = 0
Number of asset objects unloaded after import = 3
========================================================================
Received Import Request.
  Time since last request: 0.000208 seconds.
  path: Assets/Coin100.png
  artifactKey: Guid(35cc17918efa8ad4fafd2e0e051b862e) Importer(815301076,1909f56bfc062723c751e8b465ee728b)
Start importing Assets/Coin100.png using Guid(35cc17918efa8ad4fafd2e0e051b862e) Importer(815301076,1909f56bfc062723c751e8b465ee728b)  -> (artifact id: '5e90f2690630c83fc0af6216e7817a05') in 0.030727 seconds
Number of updated asset objects reloaded before import = 0
Number of asset objects unloaded after import = 3
========================================================================
Received Import Request.
  Time since last request: 0.000036 seconds.
  path: Assets/car-snowmobile-ski.png
  artifactKey: Guid(f2d04f26f042f174b8af458277d3ecda) Importer(815301076,1909f56bfc062723c751e8b465ee728b)
Start importing Assets/car-snowmobile-ski.png using Guid(f2d04f26f042f174b8af458277d3ecda) Importer(815301076,1909f56bfc062723c751e8b465ee728b)  -> (artifact id: '4b2c71b1b824552c249a63a0269a7bd3') in 0.032690 seconds
Number of updated asset objects reloaded before import = 0
Number of asset objects unloaded after import = 3
========================================================================
Received Import Request.
  Time since last request: 0.000018 seconds.
  path: Assets/Coin25.png
  artifactKey: Guid(6ea13fe223c86404db3cee16b3bd66d6) Importer(815301076,1909f56bfc062723c751e8b465ee728b)
Start importing Assets/Coin25.png using Guid(6ea13fe223c86404db3cee16b3bd66d6) Importer(815301076,1909f56bfc062723c751e8b465ee728b)  -> (artifact id: '5c1f7263066e1720513942d563e552e4') in 0.032423 seconds
Number of updated asset objects reloaded before import = 0
Number of asset objects unloaded after import = 3
========================================================================
Received Import Request.
  Time since last request: 0.000030 seconds.
  path: Assets/car-icon-quadbike.png
  artifactKey: Guid(64e93cb6eabf0814d91e655ace14fb5f) Importer(815301076,1909f56bfc062723c751e8b465ee728b)
Start importing Assets/car-icon-quadbike.png using Guid(64e93cb6eabf0814d91e655ace14fb5f) Importer(815301076,1909f56bfc062723c751e8b465ee728b)  -> (artifact id: 'f5c33352d7044b4f0a15d99063ca6192') in 0.028721 seconds
Number of updated asset objects reloaded before import = 0
Number of asset objects unloaded after import = 3
========================================================================
Received Import Request.
  Time since last request: 0.000034 seconds.
  path: Assets/car-icon-tank.png
  artifactKey: Guid(21658bcec471ab24fa047bb3cad9a090) Importer(815301076,1909f56bfc062723c751e8b465ee728b)
Start importing Assets/car-icon-tank.png using Guid(21658bcec471ab24fa047bb3cad9a090) Importer(815301076,1909f56bfc062723c751e8b465ee728b)  -> (artifact id: '1cbd7c8adaacbdda8218e2aeb7185784') in 0.030499 seconds
Number of updated asset objects reloaded before import = 0
Number of asset objects unloaded after import = 3
========================================================================
Received Import Request.
  Time since last request: 0.000022 seconds.
  path: Assets/driver-head.png
  artifactKey: Guid(232534d9d7b76f74381dcd2aa08b140d) Importer(815301076,1909f56bfc062723c751e8b465ee728b)
Start importing Assets/driver-head.png using Guid(232534d9d7b76f74381dcd2aa08b140d) Importer(815301076,1909f56bfc062723c751e8b465ee728b)  -> (artifact id: 'deca5126040a63d33b5177ccd6707451') in 0.027585 seconds
Number of updated asset objects reloaded before import = 0
Number of asset objects unloaded after import = 3
========================================================================
Received Import Request.
  Time since last request: 113.676848 seconds.
  path: Assets/bike-motocross.png
  artifactKey: Guid(6e137b30eb7c10441b1465e65d339209) Importer(815301076,1909f56bfc062723c751e8b465ee728b)
Start importing Assets/bike-motocross.png using Guid(6e137b30eb7c10441b1465e65d339209) Importer(815301076,1909f56bfc062723c751e8b465ee728b)  -> (artifact id: '15501df055181fa3d0bdf64168e975e5') in 0.085721 seconds
Number of updated asset objects reloaded before import = 0
Number of asset objects unloaded after import = 3
========================================================================
Received Import Request.
  Time since last request: 0.000557 seconds.
  path: Assets/car-icon-jeep.png
  artifactKey: Guid(f5636c3b6d3cd3f42956077aac6807d5) Importer(815301076,1909f56bfc062723c751e8b465ee728b)
Start importing Assets/car-icon-jeep.png using Guid(f5636c3b6d3cd3f42956077aac6807d5) Importer(815301076,1909f56bfc062723c751e8b465ee728b)  -> (artifact id: '38df50bdcaf57222fa0b4d9aca73c57c') in 0.038141 seconds
Number of updated asset objects reloaded before import = 0
Number of asset objects unloaded after import = 3
========================================================================
Received Import Request.
  Time since last request: 0.000024 seconds.
  path: Assets/button-sound-enabled.png
  artifactKey: Guid(16f008881e716114fa920b14d96f0f50) Importer(815301076,1909f56bfc062723c751e8b465ee728b)
Start importing Assets/button-sound-enabled.png using Guid(16f008881e716114fa920b14d96f0f50) Importer(815301076,1909f56bfc062723c751e8b465ee728b)  -> (artifact id: '695acf7eebfa7aafb957e82648d2caf7') in 0.036737 seconds
Number of updated asset objects reloaded before import = 0
Number of asset objects unloaded after import = 3
========================================================================
Received Import Request.
  Time since last request: 0.000022 seconds.
  path: Assets/bike-driver-body.png
  artifactKey: Guid(4dc27b608921b4445b72696266f3a1cc) Importer(815301076,1909f56bfc062723c751e8b465ee728b)
Start importing Assets/bike-driver-body.png using Guid(4dc27b608921b4445b72696266f3a1cc) Importer(815301076,1909f56bfc062723c751e8b465ee728b)  -> (artifact id: '488413c57ecf7d2f9bbb8ef5f680ff1b') in 0.038536 seconds
Number of updated asset objects reloaded before import = 0
Number of asset objects unloaded after import = 3
========================================================================
Received Import Request.
  Time since last request: 0.000683 seconds.
  path: Assets/antenna.png
  artifactKey: Guid(17cdeb0fedd24f141a054b4b8a18ce53) Importer(815301076,1909f56bfc062723c751e8b465ee728b)
Start importing Assets/antenna.png using Guid(17cdeb0fedd24f141a054b4b8a18ce53) Importer(815301076,1909f56bfc062723c751e8b465ee728b)  -> (artifact id: '977855debea67fede79523eac9d3adb9') in 0.032130 seconds
Number of updated asset objects reloaded before import = 0
Number of asset objects unloaded after import = 3
========================================================================
Received Import Request.
  Time since last request: 0.000055 seconds.
  path: Assets/button-bg-right.png
  artifactKey: Guid(38d9b58f89124864bb6ae3013b34ce10) Importer(815301076,1909f56bfc062723c751e8b465ee728b)
Start importing Assets/button-bg-right.png using Guid(38d9b58f89124864bb6ae3013b34ce10) Importer(815301076,1909f56bfc062723c751e8b465ee728b)  -> (artifact id: '9351c4afc14181f004e4040c9e314243') in 0.027950 seconds
Number of updated asset objects reloaded before import = 0
Number of asset objects unloaded after import = 3
========================================================================
Received Import Request.
  Time since last request: 0.000036 seconds.
  path: Assets/button-bg-left.png
  artifactKey: Guid(0c943d6350a8c2b4fba8a8ab5182791e) Importer(815301076,1909f56bfc062723c751e8b465ee728b)
Start importing Assets/button-bg-left.png using Guid(0c943d6350a8c2b4fba8a8ab5182791e) Importer(815301076,1909f56bfc062723c751e8b465ee728b)  -> (artifact id: '02386e7e62d706b20360261ceccc8186') in 0.030387 seconds
Number of updated asset objects reloaded before import = 0
Number of asset objects unloaded after import = 3
========================================================================
Received Import Request.
  Time since last request: 0.000028 seconds.
  path: Assets/button-music-enabled.png
  artifactKey: Guid(5fd4a961985e9954d9a566426f0509a2) Importer(815301076,1909f56bfc062723c751e8b465ee728b)
Start importing Assets/button-music-enabled.png using Guid(5fd4a961985e9954d9a566426f0509a2) Importer(815301076,1909f56bfc062723c751e8b465ee728b)  -> (artifact id: '5b83f905bdf1d213845a2a6c89d07a86') in 0.031889 seconds
Number of updated asset objects reloaded before import = 0
Number of asset objects unloaded after import = 3
========================================================================
Received Import Request.
  Time since last request: 0.000022 seconds.
  path: Assets/bike-driver-hand-part1.png
  artifactKey: Guid(abfb4f89645a20f41b355f49ed73dca0) Importer(815301076,1909f56bfc062723c751e8b465ee728b)
Start importing Assets/bike-driver-hand-part1.png using Guid(abfb4f89645a20f41b355f49ed73dca0) Importer(815301076,1909f56bfc062723c751e8b465ee728b)  -> (artifact id: '2a72b62363b78075ab89f0f30aca9ab8') in 0.031550 seconds
Number of updated asset objects reloaded before import = 0
Number of asset objects unloaded after import = 3
========================================================================
Received Import Request.
  Time since last request: 0.000028 seconds.
  path: Assets/arctic-surface.png
  artifactKey: Guid(b775b37c1825ac64abadbb4b1ad8ca6b) Importer(815301076,1909f56bfc062723c751e8b465ee728b)
Start importing Assets/arctic-surface.png using Guid(b775b37c1825ac64abadbb4b1ad8ca6b) Importer(815301076,1909f56bfc062723c751e8b465ee728b)  -> (artifact id: '79f681f7d871f5830ba0e9fa167dd366') in 0.028716 seconds
Number of updated asset objects reloaded before import = 0
Number of asset objects unloaded after import = 3
========================================================================
Received Import Request.
  Time since last request: 0.000020 seconds.
  path: Assets/bike-driver-leg-part1.png
  artifactKey: Guid(b60200de72eb5504a97bf86b4ebf3b4b) Importer(815301076,1909f56bfc062723c751e8b465ee728b)
Start importing Assets/bike-driver-leg-part1.png using Guid(b60200de72eb5504a97bf86b4ebf3b4b) Importer(815301076,1909f56bfc062723c751e8b465ee728b)  -> (artifact id: 'f0a03c083eed87fbba21fdaa94ed262a') in 0.028629 seconds
Number of updated asset objects reloaded before import = 0
Number of asset objects unloaded after import = 3
Editor requested this worker to shutdown with reason: Scaling down because of idle timeout
TcpMessagingSession - receive error: operation aborted. errorcode: 995, details: The I/O operation has been aborted because of either a thread exit or an application request.
AssetImportWorker is now disconnected from the server
Process exiting
Exiting without the bug reporter. Application will terminate with return code 0