Using pre-set license
Built from '2022.3/staging' branch; Version is '2022.3.8f1 (b5eafc012955) revision 11922172'; Using compiler version '192829333'; Build Type 'Release'
OS: 'Windows 11  (10.0.22621) 64bit Core' Language: 'en' Physical Memory: 15679 MB
BatchMode: 1, IsHumanControllingUs: 0, StartBugReporterOnCrash: 0, Is64bit: 1, IsPro: 1

COMMAND LINE ARGUMENTS:
C:\Program Files\Unity\Hub\Editor\2022.3.8f1\Editor\Unity.exe
-adb2
-batchMode
-noUpm
-name
AssetImportWorker9
-projectPath
C:/Users/nandi/OneDrive/Desktop/Unity/Pair Project Hill climb
-logFile
Logs/AssetImportWorker9.log
-srvPort
50038
Successfully changed project path to: C:/Users/nandi/OneDrive/Desktop/Unity/Pair Project Hill climb
C:/Users/nandi/OneDrive/Desktop/Unity/Pair Project Hill climb
[UnityMemory] Configuration Parameters - Can be set up in boot.config
    "memorysetup-bucket-allocator-granularity=16"
    "memorysetup-bucket-allocator-bucket-count=8"
    "memorysetup-bucket-allocator-block-size=33554432"
    "memorysetup-bucket-allocator-block-count=8"
    "memorysetup-main-allocator-block-size=16777216"
    "memorysetup-thread-allocator-block-size=16777216"
    "memorysetup-gfx-main-allocator-block-size=16777216"
    "memorysetup-gfx-thread-allocator-block-size=16777216"
    "memorysetup-cache-allocator-block-size=4194304"
    "memorysetup-typetree-allocator-block-size=2097152"
    "memorysetup-profiler-bucket-allocator-granularity=16"
    "memorysetup-profiler-bucket-allocator-bucket-count=8"
    "memorysetup-profiler-bucket-allocator-block-size=33554432"
    "memorysetup-profiler-bucket-allocator-block-count=8"
    "memorysetup-profiler-allocator-block-size=16777216"
    "memorysetup-profiler-editor-allocator-block-size=1048576"
    "memorysetup-temp-allocator-size-main=16777216"
    "memorysetup-job-temp-allocator-block-size=2097152"
    "memorysetup-job-temp-allocator-block-size-background=1048576"
    "memorysetup-job-temp-allocator-reduction-small-platforms=262144"
    "memorysetup-allocator-temp-initial-block-size-main=262144"
    "memorysetup-allocator-temp-initial-block-size-worker=262144"
    "memorysetup-temp-allocator-size-background-worker=32768"
    "memorysetup-temp-allocator-size-job-worker=262144"
    "memorysetup-temp-allocator-size-preload-manager=33554432"
    "memorysetup-temp-allocator-size-nav-mesh-worker=65536"
    "memorysetup-temp-allocator-size-audio-worker=65536"
    "memorysetup-temp-allocator-size-cloud-worker=32768"
    "memorysetup-temp-allocator-size-gi-baking-worker=262144"
    "memorysetup-temp-allocator-size-gfx=262144"
Player connection [29076] Host "[IP] 10.5.1.242 [Port] 0 [Flags] 2 [Guid] 2111486341 [EditorId] 2111486341 [Version] 1048832 [Id] WindowsEditor(7,Squishy) [Debug] 1 [PackageName] WindowsEditor [ProjectName] Editor" joined multi-casting on [225.0.0.222:54997]...

Player connection [29076] Host "[IP] 10.5.1.242 [Port] 0 [Flags] 2 [Guid] 2111486341 [EditorId] 2111486341 [Version] 1048832 [Id] WindowsEditor(7,Squishy) [Debug] 1 [PackageName] WindowsEditor [ProjectName] Editor" joined alternative multi-casting on [225.0.0.222:34997]...

[Physics::Module] Initialized MultithreadedJobDispatcher with 15 workers.
Refreshing native plugins compatible for Editor in 179.45 ms, found 4 plugins.
Preloading 0 native plugins for Editor in 0.00 ms.
Initialize engine version: 2022.3.8f1 (b5eafc012955)
[Subsystems] Discovering subsystems at path C:/Program Files/Unity/Hub/Editor/2022.3.8f1/Editor/Data/Resources/UnitySubsystems
[Subsystems] Discovering subsystems at path C:/Users/nandi/OneDrive/Desktop/Unity/Pair Project Hill climb/Assets
GfxDevice: creating device client; threaded=0; jobified=0
Direct3D:
    Version:  Direct3D 11.0 [level 11.1]
    Renderer: AMD Radeon (TM) Graphics (ID=0x15e7)
    Vendor:   ATI
    VRAM:     7839 MB
    Driver:   31.0.14058.5004
Initialize mono
Mono path[0] = 'C:/Program Files/Unity/Hub/Editor/2022.3.8f1/Editor/Data/Managed'
Mono path[1] = 'C:/Program Files/Unity/Hub/Editor/2022.3.8f1/Editor/Data/MonoBleedingEdge/lib/mono/unityjit-win32'
Mono config path = 'C:/Program Files/Unity/Hub/Editor/2022.3.8f1/Editor/Data/MonoBleedingEdge/etc'
Using monoOptions --debugger-agent=transport=dt_socket,embedding=1,server=y,suspend=n,address=127.0.0.1:56604
Begin MonoManager ReloadAssembly
Registering precompiled unity dll's ...
Register platform support module: C:/Program Files/Unity/Hub/Editor/2022.3.8f1/Editor/Data/PlaybackEngines/WebGLSupport/UnityEditor.WebGL.Extensions.dll
Register platform support module: C:/Program Files/Unity/Hub/Editor/2022.3.8f1/Editor/Data/PlaybackEngines/WindowsStandaloneSupport/UnityEditor.WindowsStandalone.Extensions.dll
Registered in 0.011856 seconds.
- Loaded All Assemblies, in  0.543 seconds
Native extension for WindowsStandalone target not found
Native extension for WebGL target not found
Mono: successfully reloaded assembly
- Finished resetting the current domain, in  0.395 seconds
Domain Reload Profiling: 933ms
	BeginReloadAssembly (130ms)
		ExecutionOrderSort (0ms)
		DisableScriptedObjects (0ms)
		BackupInstance (0ms)
		ReleaseScriptingObjects (0ms)
		CreateAndSetChildDomain (1ms)
	RebuildCommonClasses (52ms)
	RebuildNativeTypeToScriptingClass (16ms)
	initialDomainReloadingComplete (73ms)
	LoadAllAssembliesAndSetupDomain (267ms)
		LoadAssemblies (129ms)
		RebuildTransferFunctionScriptingTraits (0ms)
		AnalyzeDomain (264ms)
			TypeCache.Refresh (262ms)
				TypeCache.ScanAssembly (247ms)
			ScanForSourceGeneratedMonoScriptInfo (1ms)
			ResolveRequiredComponents (1ms)
	FinalizeReload (395ms)
		ReleaseScriptCaches (0ms)
		RebuildScriptCaches (0ms)
		SetupLoadedEditorAssemblies (328ms)
			LogAssemblyErrors (0ms)
			InitializePlatformSupportModulesInManaged (14ms)
			SetLoadedEditorAssemblies (7ms)
			RefreshPlugins (0ms)
			BeforeProcessingInitializeOnLoad (2ms)
			ProcessInitializeOnLoadAttributes (243ms)
			ProcessInitializeOnLoadMethodAttributes (61ms)
			AfterProcessingInitializeOnLoad (0ms)
			EditorAssembliesLoaded (0ms)
		ExecutionOrderSort2 (0ms)
		AwakeInstancesAfterBackupRestoration (0ms)
========================================================================
Worker process is ready to serve import requests
Begin MonoManager ReloadAssembly
- Loaded All Assemblies, in  1.159 seconds
Refreshing native plugins compatible for Editor in 9.17 ms, found 4 plugins.
Native extension for WindowsStandalone target not found
Native extension for WebGL target not found
Package Manager log level set to [2]
[Package Manager] Server::EnsureServerProcessIsRunning -- launch failed, reason: Unity was launched with the -noUpm command-line argument
[Package Manager] UpmClient::Send -- Unable to send message (not connected to UPM process).
[Package Manager] Cannot connect to Unity Package Manager local server
Mono: successfully reloaded assembly
- Finished resetting the current domain, in  0.843 seconds
Domain Reload Profiling: 1996ms
	BeginReloadAssembly (179ms)
		ExecutionOrderSort (0ms)
		DisableScriptedObjects (5ms)
		BackupInstance (0ms)
		ReleaseScriptingObjects (0ms)
		CreateAndSetChildDomain (29ms)
	RebuildCommonClasses (37ms)
	RebuildNativeTypeToScriptingClass (14ms)
	initialDomainReloadingComplete (52ms)
	LoadAllAssembliesAndSetupDomain (870ms)
		LoadAssemblies (659ms)
		RebuildTransferFunctionScriptingTraits (0ms)
		AnalyzeDomain (315ms)
			TypeCache.Refresh (275ms)
				TypeCache.ScanAssembly (205ms)
			ScanForSourceGeneratedMonoScriptInfo (29ms)
			ResolveRequiredComponents (10ms)
	FinalizeReload (843ms)
		ReleaseScriptCaches (0ms)
		RebuildScriptCaches (0ms)
		SetupLoadedEditorAssemblies (652ms)
			LogAssemblyErrors (0ms)
			InitializePlatformSupportModulesInManaged (8ms)
			SetLoadedEditorAssemblies (6ms)
			RefreshPlugins (0ms)
			BeforeProcessingInitializeOnLoad (97ms)
			ProcessInitializeOnLoadAttributes (403ms)
			ProcessInitializeOnLoadMethodAttributes (131ms)
			AfterProcessingInitializeOnLoad (9ms)
			EditorAssembliesLoaded (0ms)
		ExecutionOrderSort2 (0ms)
		AwakeInstancesAfterBackupRestoration (6ms)
Launched and connected shader compiler UnityShaderCompiler.exe after 1.80 seconds
Refreshing native plugins compatible for Editor in 332.31 ms, found 4 plugins.
Preloading 0 native plugins for Editor in 0.00 ms.
Unloading 5798 Unused Serialized files (Serialized files now loaded: 0)
Unloading 111 unused Assets / (0.7 MB). Loaded Objects now: 6243.
Memory consumption went from 215.2 MB to 214.5 MB.
Total: 53.726200 ms (FindLiveObjects: 2.766800 ms CreateObjectMapping: 0.647900 ms MarkObjects: 49.383500 ms  DeleteObjects: 0.925800 ms)

AssetImportParameters requested are different than current active one (requested -> active):
  custom:container-demuxer-ogg: 62fdf1f143b41e24485cea50d1cbac27 -> 
  custom:video-codec-MediaFoundation-h265: 746d11721c4dcdbdad8f713fa42b33f4 -> 
  custom:video-decoder-ogg-theora: a1e56fd34408186e4bbccfd4996cb3dc -> 
  custom:framework-win-MediaFoundation: 216162199b28c13a410421893ffa2e32 -> 
  custom:CustomObjectIndexerAttribute: a3ef5dd2817f97addfee359851a9dba5 -> 
  custom:container-demuxer-webm: 4f35f7cbe854078d1ac9338744f61a02 -> 
  custom:container-muxer-webm: aa71ff27fc2769a1b78a27578f13a17b -> 
  custom:video-decoder-webm-vp8: 9c59270c3fd7afecdb556c50c9e8de78 -> 
  custom:SearchIndexIgnoredProperties: e643bd26f0fe6173181afceb89e7c659 -> 
  custom:AudioImporter_EditorPlatform: d09bf68614088b80899f8185d706f6e7 -> 
  custom:video-encoder-webm-vp8: eb34c28f22e8b96e1ab97ce403110664 -> 
  custom:audio-decoder-ogg-vorbis: bf7c407c2cedff20999df2af8eb42d56 -> 
  custom:audio-encoder-webm-vorbis: bf7c407c2cedff20999df2af8eb42d56 -> 
========================================================================
Received Import Request.
  Time since last request: 14158.854945 seconds.
  path: Assets/Everything/lowres-pedal-gas-normal.png
  artifactKey: Guid(dc934808ce4a8494d9cf4b806331ed17) Importer(2089858483,0ecaa5967403d082aa24f35e1b516d23)
Start importing Assets/Everything/lowres-pedal-gas-normal.png using Guid(dc934808ce4a8494d9cf4b806331ed17) Importer(2089858483,0ecaa5967403d082aa24f35e1b516d23) Generated GUIDs only implemented for interfaces!
 -> (artifact id: '2a73a7d60ec8ee3b77ed5064e6cf34eb') in 2.474609 seconds
Number of updated asset objects reloaded before import = 0
Number of asset objects unloaded after import = 3
========================================================================
Received Import Request.
  Time since last request: 0.000167 seconds.
  path: Assets/Everything/icon-next.png
  artifactKey: Guid(7795a533c526487418f5f19b47a33427) Importer(2089858483,0ecaa5967403d082aa24f35e1b516d23)
Start importing Assets/Everything/icon-next.png using Guid(7795a533c526487418f5f19b47a33427) Importer(2089858483,0ecaa5967403d082aa24f35e1b516d23) Generated GUIDs only implemented for interfaces!
 -> (artifact id: '2f93036ebb539b7efe6d1d19415261d5') in 0.110199 seconds
Number of updated asset objects reloaded before import = 0
Number of asset objects unloaded after import = 3
========================================================================
Received Import Request.
  Time since last request: 0.008349 seconds.
  path: Assets/Everything/lowres-stage-icon-highway.png
  artifactKey: Guid(9c11414757e8da348aa3a271b1b2296d) Importer(2089858483,0ecaa5967403d082aa24f35e1b516d23)
Start importing Assets/Everything/lowres-stage-icon-highway.png using Guid(9c11414757e8da348aa3a271b1b2296d) Importer(2089858483,0ecaa5967403d082aa24f35e1b516d23) Generated GUIDs only implemented for interfaces!
 -> (artifact id: '7d5a92186d1cb470204baf457f6af5ca') in 0.064152 seconds
Number of updated asset objects reloaded before import = 0
Number of asset objects unloaded after import = 3
========================================================================
Received Import Request.
  Time since last request: 0.003602 seconds.
  path: Assets/Everything/icon-discard.png
  artifactKey: Guid(9d59b7e9c19fc5944808cf1ed26864ed) Importer(2089858483,0ecaa5967403d082aa24f35e1b516d23)
Start importing Assets/Everything/icon-discard.png using Guid(9d59b7e9c19fc5944808cf1ed26864ed) Importer(2089858483,0ecaa5967403d082aa24f35e1b516d23) Generated GUIDs only implemented for interfaces!
 -> (artifact id: '9cbfaa5d5df436aebfd00c29c572afa1') in 0.062367 seconds
Number of updated asset objects reloaded before import = 0
Number of asset objects unloaded after import = 3
========================================================================
Received Import Request.
  Time since last request: 0.000047 seconds.
  path: Assets/Everything/gamefont_lowres_0.png
  artifactKey: Guid(34ccf302fdb156f42be591bfa5b43ab3) Importer(2089858483,0ecaa5967403d082aa24f35e1b516d23)
Start importing Assets/Everything/gamefont_lowres_0.png using Guid(34ccf302fdb156f42be591bfa5b43ab3) Importer(2089858483,0ecaa5967403d082aa24f35e1b516d23) Generated GUIDs only implemented for interfaces!
 -> (artifact id: 'ec18bbf231de5b91d6b4a24799a2e2fd') in 0.048234 seconds
Number of updated asset objects reloaded before import = 0
Number of asset objects unloaded after import = 3
========================================================================
Received Import Request.
  Time since last request: 0.000027 seconds.
  path: Assets/Everything/car-rallycar.png
  artifactKey: Guid(378bdc1e756464c44a22b7ee6068c3b7) Importer(2089858483,0ecaa5967403d082aa24f35e1b516d23)
Start importing Assets/Everything/car-rallycar.png using Guid(378bdc1e756464c44a22b7ee6068c3b7) Importer(2089858483,0ecaa5967403d082aa24f35e1b516d23) Generated GUIDs only implemented for interfaces!
 -> (artifact id: '0709394d5c62ef544d2b74d892329c86') in 0.041147 seconds
Number of updated asset objects reloaded before import = 0
Number of asset objects unloaded after import = 3
========================================================================
Received Import Request.
  Time since last request: 0.000030 seconds.
  path: Assets/Everything/button-music-enabled.png
  artifactKey: Guid(5fd4a961985e9954d9a566426f0509a2) Importer(2089858483,0ecaa5967403d082aa24f35e1b516d23)
Start importing Assets/Everything/button-music-enabled.png using Guid(5fd4a961985e9954d9a566426f0509a2) Importer(2089858483,0ecaa5967403d082aa24f35e1b516d23) Generated GUIDs only implemented for interfaces!
 -> (artifact id: '23b6c82d126eb74887b8e00e34b6bce2') in 0.048079 seconds
Number of updated asset objects reloaded before import = 0
Number of asset objects unloaded after import = 3
========================================================================
Received Import Request.
  Time since last request: 0.000034 seconds.
  path: Assets/Everything/car-monster.png
  artifactKey: Guid(e68b9b20b41f63d45b067d1ab1e6a595) Importer(2089858483,0ecaa5967403d082aa24f35e1b516d23)
Start importing Assets/Everything/car-monster.png using Guid(e68b9b20b41f63d45b067d1ab1e6a595) Importer(2089858483,0ecaa5967403d082aa24f35e1b516d23) Generated GUIDs only implemented for interfaces!
 -> (artifact id: '541ccd63a8bde777004c2f433041f309') in 0.037644 seconds
Number of updated asset objects reloaded before import = 0
Number of asset objects unloaded after import = 3
========================================================================
Received Import Request.
  Time since last request: 0.000035 seconds.
  path: Assets/Everything/highway-ground.png
  artifactKey: Guid(aee41654b4f50164db86edaa0ed3ac9a) Importer(2089858483,0ecaa5967403d082aa24f35e1b516d23)
Start importing Assets/Everything/highway-ground.png using Guid(aee41654b4f50164db86edaa0ed3ac9a) Importer(2089858483,0ecaa5967403d082aa24f35e1b516d23) Generated GUIDs only implemented for interfaces!
 -> (artifact id: '3a950e062236bac6834b5efc23264770') in 0.075984 seconds
Number of updated asset objects reloaded before import = 0
Number of asset objects unloaded after import = 3
========================================================================
Received Import Request.
  Time since last request: 0.000034 seconds.
  path: Assets/Everything/pedal-brake-pressed.png
  artifactKey: Guid(01c4913460fcf5d46bfca354d0ea9e09) Importer(2089858483,0ecaa5967403d082aa24f35e1b516d23)
Start importing Assets/Everything/pedal-brake-pressed.png using Guid(01c4913460fcf5d46bfca354d0ea9e09) Importer(2089858483,0ecaa5967403d082aa24f35e1b516d23) Generated GUIDs only implemented for interfaces!
 -> (artifact id: '6b9da24b3a4e0f70497d8f1c009700b8') in 0.052262 seconds
Number of updated asset objects reloaded before import = 0
Number of asset objects unloaded after import = 3
========================================================================
Received Import Request.
  Time since last request: 0.000035 seconds.
  path: Assets/Everything/icon-accept.png
  artifactKey: Guid(6f5f7f3685629a844a400e4cb180c976) Importer(2089858483,0ecaa5967403d082aa24f35e1b516d23)
Start importing Assets/Everything/icon-accept.png using Guid(6f5f7f3685629a844a400e4cb180c976) Importer(2089858483,0ecaa5967403d082aa24f35e1b516d23) Generated GUIDs only implemented for interfaces!
 -> (artifact id: 'd7808a4c67c205a5c41c5e8b8f2f3c72') in 0.075501 seconds
Number of updated asset objects reloaded before import = 0
Number of asset objects unloaded after import = 3
========================================================================
Received Import Request.
  Time since last request: 0.000051 seconds.
  path: Assets/Everything/lowres-terrain-mars-surface.png
  artifactKey: Guid(0e3293af4f6e50548bc12cc32d14fa18) Importer(2089858483,0ecaa5967403d082aa24f35e1b516d23)
Start importing Assets/Everything/lowres-terrain-mars-surface.png using Guid(0e3293af4f6e50548bc12cc32d14fa18) Importer(2089858483,0ecaa5967403d082aa24f35e1b516d23) Generated GUIDs only implemented for interfaces!
 -> (artifact id: '33063a3b6e7d5cb6400e9ba14c294013') in 0.054574 seconds
Number of updated asset objects reloaded before import = 0
Number of asset objects unloaded after import = 3
========================================================================
Received Import Request.
  Time since last request: 0.000025 seconds.
  path: Assets/Everything/car-tank-fg.png
  artifactKey: Guid(84eb8809698ed214a88914cb7aeac416) Importer(2089858483,0ecaa5967403d082aa24f35e1b516d23)
Start importing Assets/Everything/car-tank-fg.png using Guid(84eb8809698ed214a88914cb7aeac416) Importer(2089858483,0ecaa5967403d082aa24f35e1b516d23) Generated GUIDs only implemented for interfaces!
 -> (artifact id: '753049761446b376ec6372d986a64ea5') in 0.120096 seconds
Number of updated asset objects reloaded before import = 0
Number of asset objects unloaded after import = 3
========================================================================
Received Import Request.
  Time since last request: 0.000458 seconds.
  path: Assets/Everything/lowres-pedal-brake-normal.png
  artifactKey: Guid(ccfd382f03c4f5b41bd40b1169c6de55) Importer(2089858483,0ecaa5967403d082aa24f35e1b516d23)
Start importing Assets/Everything/lowres-pedal-brake-normal.png using Guid(ccfd382f03c4f5b41bd40b1169c6de55) Importer(2089858483,0ecaa5967403d082aa24f35e1b516d23) Generated GUIDs only implemented for interfaces!
 -> (artifact id: 'f4b16365e374114f86ab98bb3edb750c') in 0.074019 seconds
Number of updated asset objects reloaded before import = 0
Number of asset objects unloaded after import = 3
========================================================================
Received Import Request.
  Time since last request: 0.000276 seconds.
  path: Assets/Everything/lowres-terrain-cave-surface.png
  artifactKey: Guid(83d6de5e56f58024fa98c137cb5483b2) Importer(2089858483,0ecaa5967403d082aa24f35e1b516d23)
Start importing Assets/Everything/lowres-terrain-cave-surface.png using Guid(83d6de5e56f58024fa98c137cb5483b2) Importer(2089858483,0ecaa5967403d082aa24f35e1b516d23) Generated GUIDs only implemented for interfaces!
 -> (artifact id: 'f7c42ca504e907b1fe98551f7b39f2f0') in 0.113053 seconds
Number of updated asset objects reloaded before import = 0
Number of asset objects unloaded after import = 3
========================================================================
Received Import Request.
  Time since last request: 0.000029 seconds.
  path: Assets/Everything/share-result-button.png
  artifactKey: Guid(9098f10b161ac0d4b98f9522e9840807) Importer(2089858483,0ecaa5967403d082aa24f35e1b516d23)
Start importing Assets/Everything/share-result-button.png using Guid(9098f10b161ac0d4b98f9522e9840807) Importer(2089858483,0ecaa5967403d082aa24f35e1b516d23) Generated GUIDs only implemented for interfaces!
 -> (artifact id: '2eb7a33b8d95ef9110f4d4fe4fc7839a') in 0.052391 seconds
Number of updated asset objects reloaded before import = 0
Number of asset objects unloaded after import = 3
========================================================================
Received Import Request.
  Time since last request: 0.000025 seconds.
  path: Assets/Everything/rewardsSprite.png
  artifactKey: Guid(8bb0fa4d82a8a4540b2076f0b7533738) Importer(2089858483,0ecaa5967403d082aa24f35e1b516d23)
Start importing Assets/Everything/rewardsSprite.png using Guid(8bb0fa4d82a8a4540b2076f0b7533738) Importer(2089858483,0ecaa5967403d082aa24f35e1b516d23) Generated GUIDs only implemented for interfaces!
 -> (artifact id: '4e38144dd6c8d7ce198344aabf08b26d') in 0.064562 seconds
Number of updated asset objects reloaded before import = 0
Number of asset objects unloaded after import = 3
========================================================================
Received Import Request.
  Time since last request: 0.000023 seconds.
  path: Assets/Everything/stage-icon-arctic-cave.png
  artifactKey: Guid(042e844fbb9363d48a166a7a47f99a16) Importer(2089858483,0ecaa5967403d082aa24f35e1b516d23)
Start importing Assets/Everything/stage-icon-arctic-cave.png using Guid(042e844fbb9363d48a166a7a47f99a16) Importer(2089858483,0ecaa5967403d082aa24f35e1b516d23) Generated GUIDs only implemented for interfaces!
 -> (artifact id: '46b66ef5b139fd95435cee5b7e382d4d') in 0.040277 seconds
Number of updated asset objects reloaded before import = 0
Number of asset objects unloaded after import = 3
========================================================================
Received Import Request.
  Time since last request: 0.000047 seconds.
  path: Assets/Everything/lowres-meter-boost.png
  artifactKey: Guid(a7e4c9c5401a0404fb871dfc5b67e217) Importer(2089858483,0ecaa5967403d082aa24f35e1b516d23)
Start importing Assets/Everything/lowres-meter-boost.png using Guid(a7e4c9c5401a0404fb871dfc5b67e217) Importer(2089858483,0ecaa5967403d082aa24f35e1b516d23) Generated GUIDs only implemented for interfaces!
 -> (artifact id: '9d3dcfc347bae6a3e511973b30ee2bd0') in 0.063097 seconds
Number of updated asset objects reloaded before import = 0
Number of asset objects unloaded after import = 3
========================================================================
Received Import Request.
  Time since last request: 0.000037 seconds.
  path: Assets/Everything/car-quadbike.png
  artifactKey: Guid(d57b728d81d4a3446bcc21df7e96ecf1) Importer(2089858483,0ecaa5967403d082aa24f35e1b516d23)
Start importing Assets/Everything/car-quadbike.png using Guid(d57b728d81d4a3446bcc21df7e96ecf1) Importer(2089858483,0ecaa5967403d082aa24f35e1b516d23) Generated GUIDs only implemented for interfaces!
 -> (artifact id: '0e063fd68fbae5cc589e836b500fd294') in 0.040404 seconds
Number of updated asset objects reloaded before import = 0
Number of asset objects unloaded after import = 3
========================================================================
Received Import Request.
  Time since last request: 0.000024 seconds.
  path: Assets/Everything/google-play-logo.png
  artifactKey: Guid(3ca3a6316e3530141ad165461cf8dd02) Importer(2089858483,0ecaa5967403d082aa24f35e1b516d23)
Start importing Assets/Everything/google-play-logo.png using Guid(3ca3a6316e3530141ad165461cf8dd02) Importer(2089858483,0ecaa5967403d082aa24f35e1b516d23) Generated GUIDs only implemented for interfaces!
 -> (artifact id: '905abd5fcaf1e6df078f13a7b4c7fa54') in 0.045022 seconds
Number of updated asset objects reloaded before import = 0
Number of asset objects unloaded after import = 3
========================================================================
Received Import Request.
  Time since last request: 0.000117 seconds.
  path: Assets/Everything/lowres-highway-surface.png
  artifactKey: Guid(1c0668267e7e9394ba8c5502f9a0f653) Importer(2089858483,0ecaa5967403d082aa24f35e1b516d23)
Start importing Assets/Everything/lowres-highway-surface.png using Guid(1c0668267e7e9394ba8c5502f9a0f653) Importer(2089858483,0ecaa5967403d082aa24f35e1b516d23) Generated GUIDs only implemented for interfaces!
 -> (artifact id: '4655834c40f4ed1c0e60d248487da637') in 0.043337 seconds
Number of updated asset objects reloaded before import = 0
Number of asset objects unloaded after import = 3
========================================================================
Received Import Request.
  Time since last request: 0.000039 seconds.
  path: Assets/Everything/terrain-forest-surface.png
  artifactKey: Guid(157586f7308b6fa42bd9eb02a1d4b377) Importer(2089858483,0ecaa5967403d082aa24f35e1b516d23)
Start importing Assets/Everything/terrain-forest-surface.png using Guid(157586f7308b6fa42bd9eb02a1d4b377) Importer(2089858483,0ecaa5967403d082aa24f35e1b516d23) Generated GUIDs only implemented for interfaces!
 -> (artifact id: '731df6c8d9e3eca37840e8136f26391b') in 0.042192 seconds
Number of updated asset objects reloaded before import = 0
Number of asset objects unloaded after import = 3
========================================================================
Received Import Request.
  Time since last request: 0.000040 seconds.
  path: Assets/Everything/wide-button-bg.png
  artifactKey: Guid(fbb847aeaeb239b41b0d26e44b55c7fe) Importer(2089858483,0ecaa5967403d082aa24f35e1b516d23)
Start importing Assets/Everything/wide-button-bg.png using Guid(fbb847aeaeb239b41b0d26e44b55c7fe) Importer(2089858483,0ecaa5967403d082aa24f35e1b516d23) Generated GUIDs only implemented for interfaces!
 -> (artifact id: '5322d0d31cd1def35f6e33d54fd0713a') in 0.050344 seconds
Number of updated asset objects reloaded before import = 0
Number of asset objects unloaded after import = 3
========================================================================
Received Import Request.
  Time since last request: 0.000036 seconds.
  path: Assets/Everything/Sprites/driver-head.png
  artifactKey: Guid(232534d9d7b76f74381dcd2aa08b140d) Importer(2089858483,0ecaa5967403d082aa24f35e1b516d23)
Start importing Assets/Everything/Sprites/driver-head.png using Guid(232534d9d7b76f74381dcd2aa08b140d) Importer(2089858483,0ecaa5967403d082aa24f35e1b516d23) Generated GUIDs only implemented for interfaces!
 -> (artifact id: '8d68bd04f71a52d44fdbbe058426681e') in 0.039462 seconds
Number of updated asset objects reloaded before import = 0
Number of asset objects unloaded after import = 3
========================================================================
Received Import Request.
  Time since last request: 0.000026 seconds.
  path: Assets/Everything/Sprites/fuel-canister.png
  artifactKey: Guid(79eb85cdecbffec4388094c12e74bba4) Importer(2089858483,0ecaa5967403d082aa24f35e1b516d23)
Start importing Assets/Everything/Sprites/fuel-canister.png using Guid(79eb85cdecbffec4388094c12e74bba4) Importer(2089858483,0ecaa5967403d082aa24f35e1b516d23) Generated GUIDs only implemented for interfaces!
 -> (artifact id: '8c08d96f209e62d4dd3cd5e3d6cd56e0') in 0.044020 seconds
Number of updated asset objects reloaded before import = 0
Number of asset objects unloaded after import = 3
========================================================================
Received Import Request.
  Time since last request: 0.000036 seconds.
  path: Assets/Everything/car-icon-racecar.png
  artifactKey: Guid(3e6c34f6c8fa597489c19f56302e0076) Importer(2089858483,0ecaa5967403d082aa24f35e1b516d23)
Start importing Assets/Everything/car-icon-racecar.png using Guid(3e6c34f6c8fa597489c19f56302e0076) Importer(2089858483,0ecaa5967403d082aa24f35e1b516d23) Generated GUIDs only implemented for interfaces!
 -> (artifact id: '4a2d708d7d01a95e9f8e5c5a8acbde53') in 0.043287 seconds
Number of updated asset objects reloaded before import = 0
Number of asset objects unloaded after import = 3
========================================================================
Received Import Request.
  Time since last request: 0.000036 seconds.
  path: Assets/Everything/MainMenuUpgradeBikeRotation.png
  artifactKey: Guid(7679905af74359e4b8b204d73029e58b) Importer(2089858483,0ecaa5967403d082aa24f35e1b516d23)
Start importing Assets/Everything/MainMenuUpgradeBikeRotation.png using Guid(7679905af74359e4b8b204d73029e58b) Importer(2089858483,0ecaa5967403d082aa24f35e1b516d23) Generated GUIDs only implemented for interfaces!
 -> (artifact id: 'f5d09ec095c727e80519fd82661a24e4') in 0.044298 seconds
Number of updated asset objects reloaded before import = 0
Number of asset objects unloaded after import = 3
========================================================================
Received Import Request.
  Time since last request: 0.000065 seconds.
  path: Assets/Everything/mars-ground.png
  artifactKey: Guid(2e729c0ad998ab44a9a2d0bb08c111f0) Importer(2089858483,0ecaa5967403d082aa24f35e1b516d23)
Start importing Assets/Everything/mars-ground.png using Guid(2e729c0ad998ab44a9a2d0bb08c111f0) Importer(2089858483,0ecaa5967403d082aa24f35e1b516d23) Generated GUIDs only implemented for interfaces!
 -> (artifact id: '41e02e28effb7ab03fbe867bd7929348') in 0.050577 seconds
Number of updated asset objects reloaded before import = 0
Number of asset objects unloaded after import = 3
========================================================================
Received Import Request.
  Time since last request: 0.000023 seconds.
  path: Assets/Everything/stage-icon-forest.png
  artifactKey: Guid(551d452625535fc4281c270b0582529d) Importer(2089858483,0ecaa5967403d082aa24f35e1b516d23)
Start importing Assets/Everything/stage-icon-forest.png using Guid(551d452625535fc4281c270b0582529d) Importer(2089858483,0ecaa5967403d082aa24f35e1b516d23) Generated GUIDs only implemented for interfaces!
 -> (artifact id: 'c8e73d63b0e837abbfafc6cbe150da4b') in 0.038421 seconds
Number of updated asset objects reloaded before import = 0
Number of asset objects unloaded after import = 3
========================================================================
Received Import Request.
  Time since last request: 0.000021 seconds.
  path: Assets/Settings/UniversalRP.asset
  artifactKey: Guid(681886c5eb7344803b6206f758bf0b1c) Importer(2089858483,0ecaa5967403d082aa24f35e1b516d23)
Start importing Assets/Settings/UniversalRP.asset using Guid(681886c5eb7344803b6206f758bf0b1c) Importer(2089858483,0ecaa5967403d082aa24f35e1b516d23) Generated GUIDs only implemented for interfaces!
 -> (artifact id: '120ea945e8f87b5eed1025147d5a0896') in 0.054729 seconds
Number of updated asset objects reloaded before import = 0
Number of asset objects unloaded after import = 1
========================================================================
Received Import Request.
  Time since last request: 0.000020 seconds.
  path: Assets/Everything/stage-icon-mars.png
  artifactKey: Guid(c0cb6beec52d16142804130d719f8313) Importer(2089858483,0ecaa5967403d082aa24f35e1b516d23)
Start importing Assets/Everything/stage-icon-mars.png using Guid(c0cb6beec52d16142804130d719f8313) Importer(2089858483,0ecaa5967403d082aa24f35e1b516d23) Generated GUIDs only implemented for interfaces!
 -> (artifact id: '7ce71694bd0e78908e33505f9ddee0b1') in 0.042433 seconds
Number of updated asset objects reloaded before import = 0
Number of asset objects unloaded after import = 3
========================================================================
Received Import Request.
  Time since last request: 0.000029 seconds.
  path: Assets/Everything/meter-needle.png
  artifactKey: Guid(0c554bf2dd2f2ad4ebf27d453263900d) Importer(2089858483,0ecaa5967403d082aa24f35e1b516d23)
Start importing Assets/Everything/meter-needle.png using Guid(0c554bf2dd2f2ad4ebf27d453263900d) Importer(2089858483,0ecaa5967403d082aa24f35e1b516d23) Generated GUIDs only implemented for interfaces!
 -> (artifact id: 'de5b39092f12f0d2371f45eac1d588a3') in 0.037528 seconds
Number of updated asset objects reloaded before import = 0
Number of asset objects unloaded after import = 3
========================================================================
Received Import Request.
  Time since last request: 0.000035 seconds.
  path: Assets/Everything/terrain-cave-surface.png
  artifactKey: Guid(03b77513bc4338742bd003b0bcb6c6f1) Importer(2089858483,0ecaa5967403d082aa24f35e1b516d23)
Start importing Assets/Everything/terrain-cave-surface.png using Guid(03b77513bc4338742bd003b0bcb6c6f1) Importer(2089858483,0ecaa5967403d082aa24f35e1b516d23) Generated GUIDs only implemented for interfaces!
 -> (artifact id: '8258e32e1ecb82b8a4cbdb9f9ebcf587') in 0.038081 seconds
Number of updated asset objects reloaded before import = 0
Number of asset objects unloaded after import = 3
========================================================================
Received Import Request.
  Time since last request: 0.000025 seconds.
  path: Assets/Everything/terrain-alien-surface.png
  artifactKey: Guid(2b223adf6af24c64e92db1deccf6e9d5) Importer(2089858483,0ecaa5967403d082aa24f35e1b516d23)
Start importing Assets/Everything/terrain-alien-surface.png using Guid(2b223adf6af24c64e92db1deccf6e9d5) Importer(2089858483,0ecaa5967403d082aa24f35e1b516d23) Generated GUIDs only implemented for interfaces!
 -> (artifact id: '09ce9949e6733655fbd60403e8438f76') in 0.033377 seconds
Number of updated asset objects reloaded before import = 0
Number of asset objects unloaded after import = 3
========================================================================
Received Import Request.
  Time since last request: 0.000022 seconds.
  path: Assets/Everything/coin-icon.png
  artifactKey: Guid(8e7e3189b170a88419d8c8c2fe5c141b) Importer(2089858483,0ecaa5967403d082aa24f35e1b516d23)
Start importing Assets/Everything/coin-icon.png using Guid(8e7e3189b170a88419d8c8c2fe5c141b) Importer(2089858483,0ecaa5967403d082aa24f35e1b516d23) Generated GUIDs only implemented for interfaces!
 -> (artifact id: 'f9499598943a8285920cccda28f6e4b4') in 0.061419 seconds
Number of updated asset objects reloaded before import = 0
Number of asset objects unloaded after import = 3
========================================================================
Received Import Request.
  Time since last request: 0.000024 seconds.
  path: Assets/Scenes/SampleScene.unity
  artifactKey: Guid(8c9cfa26abfee488c85f1582747f6a02) Importer(2089858483,0ecaa5967403d082aa24f35e1b516d23)
Start importing Assets/Scenes/SampleScene.unity using Guid(8c9cfa26abfee488c85f1582747f6a02) Importer(2089858483,0ecaa5967403d082aa24f35e1b516d23) Generated GUIDs only implemented for interfaces!
 -> (artifact id: '8b9736c369eb6cb6d0643ef97e179f1b') in 0.013228 seconds
Number of updated asset objects reloaded before import = 0
Number of asset objects unloaded after import = 1
========================================================================
Received Import Request.
  Time since last request: 0.000025 seconds.
  path: Assets/Everything/lowres-desert-surface.png
  artifactKey: Guid(ed96f6d9e944ef046b736feb6f520da1) Importer(2089858483,0ecaa5967403d082aa24f35e1b516d23)
Start importing Assets/Everything/lowres-desert-surface.png using Guid(ed96f6d9e944ef046b736feb6f520da1) Importer(2089858483,0ecaa5967403d082aa24f35e1b516d23) Generated GUIDs only implemented for interfaces!
 -> (artifact id: '95e134c073f327016b24cb9e6f4f4bd5') in 0.028826 seconds
Number of updated asset objects reloaded before import = 0
Number of asset objects unloaded after import = 3
========================================================================
Received Import Request.
  Time since last request: 0.000028 seconds.
  path: Assets/Everything/bike-motocross.png
  artifactKey: Guid(6e137b30eb7c10441b1465e65d339209) Importer(2089858483,0ecaa5967403d082aa24f35e1b516d23)
Start importing Assets/Everything/bike-motocross.png using Guid(6e137b30eb7c10441b1465e65d339209) Importer(2089858483,0ecaa5967403d082aa24f35e1b516d23) Generated GUIDs only implemented for interfaces!
 -> (artifact id: '13be0b780c278dd56b338214d58fcb34') in 0.040396 seconds
Number of updated asset objects reloaded before import = 0
Number of asset objects unloaded after import = 3
========================================================================
Received Import Request.
  Time since last request: 0.000041 seconds.
  path: Assets/Everything/sky-bg.png
  artifactKey: Guid(1d5d2cc2b23dfd643a5450a627884cff) Importer(2089858483,0ecaa5967403d082aa24f35e1b516d23)
Start importing Assets/Everything/sky-bg.png using Guid(1d5d2cc2b23dfd643a5450a627884cff) Importer(2089858483,0ecaa5967403d082aa24f35e1b516d23) Generated GUIDs only implemented for interfaces!
 -> (artifact id: '0c73bf2608274e8b3d744ed1d4507f91') in 0.026868 seconds
Number of updated asset objects reloaded before import = 0
Number of asset objects unloaded after import = 3
========================================================================
Received Import Request.
  Time since last request: 0.000035 seconds.
  path: Assets/Everything/car-icon-quadbike.png
  artifactKey: Guid(64e93cb6eabf0814d91e655ace14fb5f) Importer(2089858483,0ecaa5967403d082aa24f35e1b516d23)
Start importing Assets/Everything/car-icon-quadbike.png using Guid(64e93cb6eabf0814d91e655ace14fb5f) Importer(2089858483,0ecaa5967403d082aa24f35e1b516d23) Generated GUIDs only implemented for interfaces!
 -> (artifact id: '14a3ad0fe84ea49150ba478e96beded4') in 0.032657 seconds
Number of updated asset objects reloaded before import = 0
Number of asset objects unloaded after import = 3
========================================================================
Received Import Request.
  Time since last request: 0.000018 seconds.
  path: Assets/Everything/button-music-disabled.png
  artifactKey: Guid(efe3313465a31ba4fb0f967835f64454) Importer(2089858483,0ecaa5967403d082aa24f35e1b516d23)
Start importing Assets/Everything/button-music-disabled.png using Guid(efe3313465a31ba4fb0f967835f64454) Importer(2089858483,0ecaa5967403d082aa24f35e1b516d23) Generated GUIDs only implemented for interfaces!
 -> (artifact id: '45552a7015d54de40961136cd81680e1') in 0.032371 seconds
Number of updated asset objects reloaded before import = 0
Number of asset objects unloaded after import = 3
========================================================================
Received Import Request.
  Time since last request: 0.000027 seconds.
  path: Assets/Everything/sky-cloud.png
  artifactKey: Guid(ee4c5fa864c97df429af75922199127c) Importer(2089858483,0ecaa5967403d082aa24f35e1b516d23)
Start importing Assets/Everything/sky-cloud.png using Guid(ee4c5fa864c97df429af75922199127c) Importer(2089858483,0ecaa5967403d082aa24f35e1b516d23) Generated GUIDs only implemented for interfaces!
 -> (artifact id: 'fc7e1fb6dba8163790585670d0e4ed56') in 0.040070 seconds
Number of updated asset objects reloaded before import = 0
Number of asset objects unloaded after import = 3
========================================================================
Received Import Request.
  Time since last request: 0.000027 seconds.
  path: Assets/Everything/bike-driver-leg-shoe.png
  artifactKey: Guid(e9c8e05880a7e504eab029ee904f2734) Importer(2089858483,0ecaa5967403d082aa24f35e1b516d23)
Start importing Assets/Everything/bike-driver-leg-shoe.png using Guid(e9c8e05880a7e504eab029ee904f2734) Importer(2089858483,0ecaa5967403d082aa24f35e1b516d23) Generated GUIDs only implemented for interfaces!
 -> (artifact id: '3afb0599caafd6d303e79837cf5b25c4') in 0.032583 seconds
Number of updated asset objects reloaded before import = 0
Number of asset objects unloaded after import = 3
========================================================================
Received Import Request.
  Time since last request: 0.000026 seconds.
  path: Assets/Everything/progressbar.png
  artifactKey: Guid(5c32c37e80d6c5f4a9f4526dcc64364c) Importer(2089858483,0ecaa5967403d082aa24f35e1b516d23)
Start importing Assets/Everything/progressbar.png using Guid(5c32c37e80d6c5f4a9f4526dcc64364c) Importer(2089858483,0ecaa5967403d082aa24f35e1b516d23) Generated GUIDs only implemented for interfaces!
 -> (artifact id: '2c561182a9b4ce7f4a7e25f669f50a33') in 0.034862 seconds
Number of updated asset objects reloaded before import = 0
Number of asset objects unloaded after import = 3
========================================================================
Received Import Request.
  Time since last request: 0.000025 seconds.
  path: Assets/Everything/save-free.png
  artifactKey: Guid(a88e387a7822aa04b8ec7a56f72a5aba) Importer(2089858483,0ecaa5967403d082aa24f35e1b516d23)
Start importing Assets/Everything/save-free.png using Guid(a88e387a7822aa04b8ec7a56f72a5aba) Importer(2089858483,0ecaa5967403d082aa24f35e1b516d23) Generated GUIDs only implemented for interfaces!
 -> (artifact id: '6a59f47c71243d91ecebff0f744bbee0') in 0.036459 seconds
Number of updated asset objects reloaded before import = 0
Number of asset objects unloaded after import = 3
========================================================================
Received Import Request.
  Time since last request: 0.000045 seconds.
  path: Assets/Everything/Sprites/no friction.physicsMaterial2D
  artifactKey: Guid(b9e09f8c375214541925c72c5b34d5c5) Importer(2089858483,0ecaa5967403d082aa24f35e1b516d23)
Start importing Assets/Everything/Sprites/no friction.physicsMaterial2D using Guid(b9e09f8c375214541925c72c5b34d5c5) Importer(2089858483,0ecaa5967403d082aa24f35e1b516d23) Generated GUIDs only implemented for interfaces!
 -> (artifact id: 'b89b5ff8f0ae78fd5ee01035e6882cf2') in 0.022315 seconds
Number of updated asset objects reloaded before import = 0
Number of asset objects unloaded after import = 1
========================================================================
Received Prepare
Begin MonoManager ReloadAssembly
- Loaded All Assemblies, in  1.095 seconds
Refreshing native plugins compatible for Editor in 7.68 ms, found 4 plugins.
Native extension for WindowsStandalone target not found
Native extension for WebGL target not found
[Package Manager] Server::EnsureServerProcessIsRunning -- launch failed, reason: Unity was launched with the -noUpm command-line argument
[Package Manager] UpmClient::Send -- Unable to send message (not connected to UPM process).
[Package Manager] Cannot connect to Unity Package Manager local server
Mono: successfully reloaded assembly
- Finished resetting the current domain, in  3.079 seconds
Domain Reload Profiling: 4166ms
	BeginReloadAssembly (322ms)
		ExecutionOrderSort (0ms)
		DisableScriptedObjects (22ms)
		BackupInstance (0ms)
		ReleaseScriptingObjects (0ms)
		CreateAndSetChildDomain (116ms)
	RebuildCommonClasses (50ms)
	RebuildNativeTypeToScriptingClass (17ms)
	initialDomainReloadingComplete (43ms)
	LoadAllAssembliesAndSetupDomain (654ms)
		LoadAssemblies (572ms)
		RebuildTransferFunctionScriptingTraits (0ms)
		AnalyzeDomain (221ms)
			TypeCache.Refresh (185ms)
				TypeCache.ScanAssembly (164ms)
			ScanForSourceGeneratedMonoScriptInfo (24ms)
			ResolveRequiredComponents (11ms)
	FinalizeReload (3080ms)
		ReleaseScriptCaches (0ms)
		RebuildScriptCaches (0ms)
		SetupLoadedEditorAssemblies (676ms)
			LogAssemblyErrors (0ms)
			InitializePlatformSupportModulesInManaged (9ms)
			SetLoadedEditorAssemblies (6ms)
			RefreshPlugins (0ms)
			BeforeProcessingInitializeOnLoad (115ms)
			ProcessInitializeOnLoadAttributes (447ms)
			ProcessInitializeOnLoadMethodAttributes (89ms)
			AfterProcessingInitializeOnLoad (9ms)
			EditorAssembliesLoaded (0ms)
		ExecutionOrderSort2 (0ms)
		AwakeInstancesAfterBackupRestoration (13ms)
Refreshing native plugins compatible for Editor in 10.18 ms, found 4 plugins.
Preloading 0 native plugins for Editor in 0.00 ms.
Unloading 5658 Unused Serialized files (Serialized files now loaded: 0)
Unloading 62 unused Assets / (0.7 MB). Loaded Objects now: 6261.
Memory consumption went from 191.8 MB to 191.2 MB.
Total: 4.639600 ms (FindLiveObjects: 0.640600 ms CreateObjectMapping: 0.253900 ms MarkObjects: 3.331900 ms  DeleteObjects: 0.412200 ms)

Prepare: number of updated asset objects reloaded= 0
AssetImportParameters requested are different than current active one (requested -> active):
  custom:container-demuxer-ogg: 62fdf1f143b41e24485cea50d1cbac27 -> 
  custom:video-codec-MediaFoundation-h265: 746d11721c4dcdbdad8f713fa42b33f4 -> 
  custom:video-decoder-ogg-theora: a1e56fd34408186e4bbccfd4996cb3dc -> 
  custom:framework-win-MediaFoundation: 216162199b28c13a410421893ffa2e32 -> 
  custom:CustomObjectIndexerAttribute: a3ef5dd2817f97addfee359851a9dba5 -> 
  custom:container-demuxer-webm: 4f35f7cbe854078d1ac9338744f61a02 -> 
  custom:container-muxer-webm: aa71ff27fc2769a1b78a27578f13a17b -> 
  custom:video-decoder-webm-vp8: 9c59270c3fd7afecdb556c50c9e8de78 -> 
  custom:SearchIndexIgnoredProperties: e643bd26f0fe6173181afceb89e7c659 -> 
  custom:AudioImporter_EditorPlatform: d09bf68614088b80899f8185d706f6e7 -> 
  custom:video-encoder-webm-vp8: eb34c28f22e8b96e1ab97ce403110664 -> 
  custom:audio-decoder-ogg-vorbis: bf7c407c2cedff20999df2af8eb42d56 -> 
  custom:audio-encoder-webm-vorbis: bf7c407c2cedff20999df2af8eb42d56 -> 
Editor requested this worker to shutdown with reason: Scaling down because of idle timeout
TcpMessagingSession - receive error: operation aborted. errorcode: 995, details: The I/O operation has been aborted because of either a thread exit or an application request.
AssetImportWorker is now disconnected from the server
Process exiting
Exiting without the bug reporter. Application will terminate with return code 0