Using pre-set license
Built from '2022.3/staging' branch; Version is '2022.3.8f1 (b5eafc012955) revision 11922172'; Using compiler version '192829333'; Build Type 'Release'
OS: 'Windows 11  (10.0.22621) 64bit Core' Language: 'en' Physical Memory: 15679 MB
BatchMode: 1, IsHumanControllingUs: 0, StartBugReporterOnCrash: 0, Is64bit: 1, IsPro: 1

COMMAND LINE ARGUMENTS:
C:\Program Files\Unity\Hub\Editor\2022.3.8f1\Editor\Unity.exe
-adb2
-batchMode
-noUpm
-name
AssetImportWorker1
-projectPath
C:/Users/nandi/OneDrive/Desktop/Unity/Pair Project Hill climb
-logFile
Logs/AssetImportWorker1.log
-srvPort
50038
Successfully changed project path to: C:/Users/nandi/OneDrive/Desktop/Unity/Pair Project Hill climb
C:/Users/nandi/OneDrive/Desktop/Unity/Pair Project Hill climb
[UnityMemory] Configuration Parameters - Can be set up in boot.config
    "memorysetup-bucket-allocator-granularity=16"
    "memorysetup-bucket-allocator-bucket-count=8"
    "memorysetup-bucket-allocator-block-size=33554432"
    "memorysetup-bucket-allocator-block-count=8"
    "memorysetup-main-allocator-block-size=16777216"
    "memorysetup-thread-allocator-block-size=16777216"
    "memorysetup-gfx-main-allocator-block-size=16777216"
    "memorysetup-gfx-thread-allocator-block-size=16777216"
    "memorysetup-cache-allocator-block-size=4194304"
    "memorysetup-typetree-allocator-block-size=2097152"
    "memorysetup-profiler-bucket-allocator-granularity=16"
    "memorysetup-profiler-bucket-allocator-bucket-count=8"
    "memorysetup-profiler-bucket-allocator-block-size=33554432"
    "memorysetup-profiler-bucket-allocator-block-count=8"
    "memorysetup-profiler-allocator-block-size=16777216"
    "memorysetup-profiler-editor-allocator-block-size=1048576"
    "memorysetup-temp-allocator-size-main=16777216"
    "memorysetup-job-temp-allocator-block-size=2097152"
    "memorysetup-job-temp-allocator-block-size-background=1048576"
    "memorysetup-job-temp-allocator-reduction-small-platforms=262144"
    "memorysetup-allocator-temp-initial-block-size-main=262144"
    "memorysetup-allocator-temp-initial-block-size-worker=262144"
    "memorysetup-temp-allocator-size-background-worker=32768"
    "memorysetup-temp-allocator-size-job-worker=262144"
    "memorysetup-temp-allocator-size-preload-manager=33554432"
    "memorysetup-temp-allocator-size-nav-mesh-worker=65536"
    "memorysetup-temp-allocator-size-audio-worker=65536"
    "memorysetup-temp-allocator-size-cloud-worker=32768"
    "memorysetup-temp-allocator-size-gi-baking-worker=262144"
    "memorysetup-temp-allocator-size-gfx=262144"
Player connection [9808] Host "[IP] 10.5.1.242 [Port] 0 [Flags] 2 [Guid] 3648770593 [EditorId] 3648770593 [Version] 1048832 [Id] WindowsEditor(7,Squishy) [Debug] 1 [PackageName] WindowsEditor [ProjectName] Editor" joined multi-casting on [225.0.0.222:54997]...

Player connection [9808] Host "[IP] 10.5.1.242 [Port] 0 [Flags] 2 [Guid] 3648770593 [EditorId] 3648770593 [Version] 1048832 [Id] WindowsEditor(7,Squishy) [Debug] 1 [PackageName] WindowsEditor [ProjectName] Editor" joined alternative multi-casting on [225.0.0.222:34997]...

[Physics::Module] Initialized MultithreadedJobDispatcher with 15 workers.
Refreshing native plugins compatible for Editor in 24.28 ms, found 4 plugins.
Preloading 0 native plugins for Editor in 0.00 ms.
Initialize engine version: 2022.3.8f1 (b5eafc012955)
[Subsystems] Discovering subsystems at path C:/Program Files/Unity/Hub/Editor/2022.3.8f1/Editor/Data/Resources/UnitySubsystems
[Subsystems] Discovering subsystems at path C:/Users/nandi/OneDrive/Desktop/Unity/Pair Project Hill climb/Assets
GfxDevice: creating device client; threaded=0; jobified=0
Direct3D:
    Version:  Direct3D 11.0 [level 11.1]
    Renderer: AMD Radeon (TM) Graphics (ID=0x15e7)
    Vendor:   ATI
    VRAM:     7839 MB
    Driver:   31.0.14058.5004
Initialize mono
Mono path[0] = 'C:/Program Files/Unity/Hub/Editor/2022.3.8f1/Editor/Data/Managed'
Mono path[1] = 'C:/Program Files/Unity/Hub/Editor/2022.3.8f1/Editor/Data/MonoBleedingEdge/lib/mono/unityjit-win32'
Mono config path = 'C:/Program Files/Unity/Hub/Editor/2022.3.8f1/Editor/Data/MonoBleedingEdge/etc'
Using monoOptions --debugger-agent=transport=dt_socket,embedding=1,server=y,suspend=n,address=127.0.0.1:56708
Begin MonoManager ReloadAssembly
Registering precompiled unity dll's ...
Register platform support module: C:/Program Files/Unity/Hub/Editor/2022.3.8f1/Editor/Data/PlaybackEngines/WebGLSupport/UnityEditor.WebGL.Extensions.dll
Register platform support module: C:/Program Files/Unity/Hub/Editor/2022.3.8f1/Editor/Data/PlaybackEngines/WindowsStandaloneSupport/UnityEditor.WindowsStandalone.Extensions.dll
Registered in 0.016123 seconds.
- Loaded All Assemblies, in  0.531 seconds
Native extension for WindowsStandalone target not found
Native extension for WebGL target not found
Mono: successfully reloaded assembly
- Finished resetting the current domain, in  0.330 seconds
Domain Reload Profiling: 858ms
	BeginReloadAssembly (154ms)
		ExecutionOrderSort (0ms)
		DisableScriptedObjects (0ms)
		BackupInstance (0ms)
		ReleaseScriptingObjects (0ms)
		CreateAndSetChildDomain (1ms)
	RebuildCommonClasses (44ms)
	RebuildNativeTypeToScriptingClass (16ms)
	initialDomainReloadingComplete (93ms)
	LoadAllAssembliesAndSetupDomain (220ms)
		LoadAssemblies (151ms)
		RebuildTransferFunctionScriptingTraits (0ms)
		AnalyzeDomain (217ms)
			TypeCache.Refresh (215ms)
				TypeCache.ScanAssembly (196ms)
			ScanForSourceGeneratedMonoScriptInfo (0ms)
			ResolveRequiredComponents (0ms)
	FinalizeReload (331ms)
		ReleaseScriptCaches (0ms)
		RebuildScriptCaches (0ms)
		SetupLoadedEditorAssemblies (258ms)
			LogAssemblyErrors (0ms)
			InitializePlatformSupportModulesInManaged (19ms)
			SetLoadedEditorAssemblies (7ms)
			RefreshPlugins (0ms)
			BeforeProcessingInitializeOnLoad (2ms)
			ProcessInitializeOnLoadAttributes (164ms)
			ProcessInitializeOnLoadMethodAttributes (66ms)
			AfterProcessingInitializeOnLoad (0ms)
			EditorAssembliesLoaded (0ms)
		ExecutionOrderSort2 (0ms)
		AwakeInstancesAfterBackupRestoration (0ms)
========================================================================
Worker process is ready to serve import requests
Begin MonoManager ReloadAssembly
- Loaded All Assemblies, in  1.190 seconds
Refreshing native plugins compatible for Editor in 10.51 ms, found 4 plugins.
Native extension for WindowsStandalone target not found
Native extension for WebGL target not found
Package Manager log level set to [2]
[Package Manager] Server::EnsureServerProcessIsRunning -- launch failed, reason: Unity was launched with the -noUpm command-line argument
[Package Manager] UpmClient::Send -- Unable to send message (not connected to UPM process).
[Package Manager] Cannot connect to Unity Package Manager local server
Mono: successfully reloaded assembly
- Finished resetting the current domain, in  0.928 seconds
Domain Reload Profiling: 2109ms
	BeginReloadAssembly (222ms)
		ExecutionOrderSort (0ms)
		DisableScriptedObjects (6ms)
		BackupInstance (0ms)
		ReleaseScriptingObjects (0ms)
		CreateAndSetChildDomain (43ms)
	RebuildCommonClasses (52ms)
	RebuildNativeTypeToScriptingClass (16ms)
	initialDomainReloadingComplete (73ms)
	LoadAllAssembliesAndSetupDomain (817ms)
		LoadAssemblies (607ms)
		RebuildTransferFunctionScriptingTraits (0ms)
		AnalyzeDomain (331ms)
			TypeCache.Refresh (284ms)
				TypeCache.ScanAssembly (262ms)
			ScanForSourceGeneratedMonoScriptInfo (35ms)
			ResolveRequiredComponents (10ms)
	FinalizeReload (929ms)
		ReleaseScriptCaches (0ms)
		RebuildScriptCaches (0ms)
		SetupLoadedEditorAssemblies (726ms)
			LogAssemblyErrors (0ms)
			InitializePlatformSupportModulesInManaged (9ms)
			SetLoadedEditorAssemblies (4ms)
			RefreshPlugins (0ms)
			BeforeProcessingInitializeOnLoad (123ms)
			ProcessInitializeOnLoadAttributes (455ms)
			ProcessInitializeOnLoadMethodAttributes (118ms)
			AfterProcessingInitializeOnLoad (16ms)
			EditorAssembliesLoaded (0ms)
		ExecutionOrderSort2 (0ms)
		AwakeInstancesAfterBackupRestoration (10ms)
Launched and connected shader compiler UnityShaderCompiler.exe after 0.08 seconds
Refreshing native plugins compatible for Editor in 7.93 ms, found 4 plugins.
Preloading 0 native plugins for Editor in 0.00 ms.
Unloading 5632 Unused Serialized files (Serialized files now loaded: 0)
Unloading 99 unused Assets / (0.9 MB). Loaded Objects now: 6077.
Memory consumption went from 211.4 MB to 210.5 MB.
Total: 6.924200 ms (FindLiveObjects: 0.674100 ms CreateObjectMapping: 0.213800 ms MarkObjects: 5.402400 ms  DeleteObjects: 0.631400 ms)

AssetImportParameters requested are different than current active one (requested -> active):
  custom:container-demuxer-ogg: 62fdf1f143b41e24485cea50d1cbac27 -> 
  custom:video-codec-MediaFoundation-h265: 746d11721c4dcdbdad8f713fa42b33f4 -> 
  custom:video-decoder-ogg-theora: a1e56fd34408186e4bbccfd4996cb3dc -> 
  custom:framework-win-MediaFoundation: 216162199b28c13a410421893ffa2e32 -> 
  custom:CustomObjectIndexerAttribute: a3ef5dd2817f97addfee359851a9dba5 -> 
  custom:container-demuxer-webm: 4f35f7cbe854078d1ac9338744f61a02 -> 
  custom:container-muxer-webm: aa71ff27fc2769a1b78a27578f13a17b -> 
  custom:video-decoder-webm-vp8: 9c59270c3fd7afecdb556c50c9e8de78 -> 
  custom:SearchIndexIgnoredProperties: e643bd26f0fe6173181afceb89e7c659 -> 
  custom:AudioImporter_EditorPlatform: d09bf68614088b80899f8185d706f6e7 -> 
  custom:video-encoder-webm-vp8: eb34c28f22e8b96e1ab97ce403110664 -> 
  custom:audio-decoder-ogg-vorbis: bf7c407c2cedff20999df2af8eb42d56 -> 
  custom:audio-encoder-webm-vorbis: bf7c407c2cedff20999df2af8eb42d56 -> 
========================================================================
Received Import Request.
  Time since last request: 829.674125 seconds.
  path: Assets/fuel-warning.png
  artifactKey: Guid(eee12bbcb30f7f64fb55e89dfadaac79) Importer(815301076,1909f56bfc062723c751e8b465ee728b)
Start importing Assets/fuel-warning.png using Guid(eee12bbcb30f7f64fb55e89dfadaac79) Importer(815301076,1909f56bfc062723c751e8b465ee728b)  -> (artifact id: '94bd1533fb298813382b3f2abd55c516') in 0.141587 seconds
Number of updated asset objects reloaded before import = 0
Number of asset objects unloaded after import = 3
========================================================================
Received Import Request.
  Time since last request: 0.000048 seconds.
  path: Assets/car-monster.png
  artifactKey: Guid(e68b9b20b41f63d45b067d1ab1e6a595) Importer(815301076,1909f56bfc062723c751e8b465ee728b)
Start importing Assets/car-monster.png using Guid(e68b9b20b41f63d45b067d1ab1e6a595) Importer(815301076,1909f56bfc062723c751e8b465ee728b)  -> (artifact id: 'd4b2c1351d0f18fab66d5650ba880b0e') in 0.029853 seconds
Number of updated asset objects reloaded before import = 0
Number of asset objects unloaded after import = 3
========================================================================
Received Import Request.
  Time since last request: 0.000019 seconds.
  path: Assets/car-racecar.png
  artifactKey: Guid(6331ede67d007aa419112277b39f2e8e) Importer(815301076,1909f56bfc062723c751e8b465ee728b)
Start importing Assets/car-racecar.png using Guid(6331ede67d007aa419112277b39f2e8e) Importer(815301076,1909f56bfc062723c751e8b465ee728b)  -> (artifact id: 'bc002e5131bf3628156af9a87703d942') in 0.032118 seconds
Number of updated asset objects reloaded before import = 0
Number of asset objects unloaded after import = 3
========================================================================
Received Import Request.
  Time since last request: 0.000024 seconds.
  path: Assets/car-tank-cannon.png
  artifactKey: Guid(4b6d6e2a463d5074ba59fa99de51a1f6) Importer(815301076,1909f56bfc062723c751e8b465ee728b)
Start importing Assets/car-tank-cannon.png using Guid(4b6d6e2a463d5074ba59fa99de51a1f6) Importer(815301076,1909f56bfc062723c751e8b465ee728b)  -> (artifact id: '47e15343811f48907b54b70bcfa87eeb') in 0.029125 seconds
Number of updated asset objects reloaded before import = 0
Number of asset objects unloaded after import = 3
========================================================================
Received Import Request.
  Time since last request: 0.000023 seconds.
  path: Assets/car-tank-bg.png
  artifactKey: Guid(a0011a8dd3a602f498dae20366a13f64) Importer(815301076,1909f56bfc062723c751e8b465ee728b)
Start importing Assets/car-tank-bg.png using Guid(a0011a8dd3a602f498dae20366a13f64) Importer(815301076,1909f56bfc062723c751e8b465ee728b)  -> (artifact id: 'f7a727c7138086aa143132cccf531912') in 0.029163 seconds
Number of updated asset objects reloaded before import = 0
Number of asset objects unloaded after import = 3
========================================================================
Received Import Request.
  Time since last request: 0.000025 seconds.
  path: Assets/fuel-canister.png
  artifactKey: Guid(79eb85cdecbffec4388094c12e74bba4) Importer(815301076,1909f56bfc062723c751e8b465ee728b)
Start importing Assets/fuel-canister.png using Guid(79eb85cdecbffec4388094c12e74bba4) Importer(815301076,1909f56bfc062723c751e8b465ee728b)  -> (artifact id: 'c61d8872bc7d83d495ee9acaf4cfc2ee') in 0.026910 seconds
Number of updated asset objects reloaded before import = 0
Number of asset objects unloaded after import = 3
========================================================================
Received Import Request.
  Time since last request: 0.000024 seconds.
  path: Assets/car-rallycar.png
  artifactKey: Guid(378bdc1e756464c44a22b7ee6068c3b7) Importer(815301076,1909f56bfc062723c751e8b465ee728b)
Start importing Assets/car-rallycar.png using Guid(378bdc1e756464c44a22b7ee6068c3b7) Importer(815301076,1909f56bfc062723c751e8b465ee728b)  -> (artifact id: '2cbb78b23fdddbe0c86ad60865cb5d8e') in 0.031583 seconds
Number of updated asset objects reloaded before import = 0
Number of asset objects unloaded after import = 3
========================================================================
Received Import Request.
  Time since last request: 0.000023 seconds.
  path: Assets/chaintrack.png
  artifactKey: Guid(47eb8bc1f784bd947b4d58dd73dab980) Importer(815301076,1909f56bfc062723c751e8b465ee728b)
Start importing Assets/chaintrack.png using Guid(47eb8bc1f784bd947b4d58dd73dab980) Importer(815301076,1909f56bfc062723c751e8b465ee728b)  -> (artifact id: '15c406e292d86727aa1972b220df42bc') in 0.032977 seconds
Number of updated asset objects reloaded before import = 0
Number of asset objects unloaded after import = 3
========================================================================
Received Import Request.
  Time since last request: 0.000032 seconds.
  path: Assets/coin-icon.png
  artifactKey: Guid(8e7e3189b170a88419d8c8c2fe5c141b) Importer(815301076,1909f56bfc062723c751e8b465ee728b)
Start importing Assets/coin-icon.png using Guid(8e7e3189b170a88419d8c8c2fe5c141b) Importer(815301076,1909f56bfc062723c751e8b465ee728b)  -> (artifact id: '0b9b9535f7e228903268c1070c57ca2a') in 0.025306 seconds
Number of updated asset objects reloaded before import = 0
Number of asset objects unloaded after import = 3
========================================================================
Received Import Request.
  Time since last request: 113.661558 seconds.
  path: Assets/bike-tire.png
  artifactKey: Guid(b389deb0aeb730448a6aa492254e8e17) Importer(815301076,1909f56bfc062723c751e8b465ee728b)
Start importing Assets/bike-tire.png using Guid(b389deb0aeb730448a6aa492254e8e17) Importer(815301076,1909f56bfc062723c751e8b465ee728b)  -> (artifact id: '0137736b2ff8fb8da9dc56754f4107bd') in 0.086791 seconds
Number of updated asset objects reloaded before import = 0
Number of asset objects unloaded after import = 3
========================================================================
Received Import Request.
  Time since last request: 0.000230 seconds.
  path: Assets/button-sound-disabled.png
  artifactKey: Guid(8dc48fdab0bd25a42b0da71f7f41ed8c) Importer(815301076,1909f56bfc062723c751e8b465ee728b)
Start importing Assets/button-sound-disabled.png using Guid(8dc48fdab0bd25a42b0da71f7f41ed8c) Importer(815301076,1909f56bfc062723c751e8b465ee728b)  -> (artifact id: '75584aa3115456ef522588cc70dfb56c') in 0.037425 seconds
Number of updated asset objects reloaded before import = 0
Number of asset objects unloaded after import = 3
========================================================================
Received Import Request.
  Time since last request: 0.000021 seconds.
  path: Assets/BridgeWoodBlock.png
  artifactKey: Guid(5b01b2b345d18f1479231c89103b3972) Importer(815301076,1909f56bfc062723c751e8b465ee728b)
Start importing Assets/BridgeWoodBlock.png using Guid(5b01b2b345d18f1479231c89103b3972) Importer(815301076,1909f56bfc062723c751e8b465ee728b)  -> (artifact id: '6b44f6c70cc6b462a8a998e4a0e597f9') in 0.031822 seconds
Number of updated asset objects reloaded before import = 0
Number of asset objects unloaded after import = 3
========================================================================
Received Import Request.
  Time since last request: 0.000022 seconds.
  path: Assets/bike-driver-leg-shoe.png
  artifactKey: Guid(e9c8e05880a7e504eab029ee904f2734) Importer(815301076,1909f56bfc062723c751e8b465ee728b)
Start importing Assets/bike-driver-leg-shoe.png using Guid(e9c8e05880a7e504eab029ee904f2734) Importer(815301076,1909f56bfc062723c751e8b465ee728b)  -> (artifact id: 'ac8bc154b3dc7fb350a52836a07152ed') in 0.030713 seconds
Number of updated asset objects reloaded before import = 0
Number of asset objects unloaded after import = 3
========================================================================
Received Import Request.
  Time since last request: 0.000027 seconds.
  path: Assets/arctic-ground.png
  artifactKey: Guid(3a6ef94427fca6440806d7621e06d7d3) Importer(815301076,1909f56bfc062723c751e8b465ee728b)
Start importing Assets/arctic-ground.png using Guid(3a6ef94427fca6440806d7621e06d7d3) Importer(815301076,1909f56bfc062723c751e8b465ee728b)  -> (artifact id: 'fda6dba7bdf6e82481f9be5c09829d4d') in 0.037040 seconds
Number of updated asset objects reloaded before import = 0
Number of asset objects unloaded after import = 3
========================================================================
Received Import Request.
  Time since last request: 0.000040 seconds.
  path: Assets/bike-driver-leg-part2.png
  artifactKey: Guid(200e5075d92d6e44f82c35f8c43d2f25) Importer(815301076,1909f56bfc062723c751e8b465ee728b)
Start importing Assets/bike-driver-leg-part2.png using Guid(200e5075d92d6e44f82c35f8c43d2f25) Importer(815301076,1909f56bfc062723c751e8b465ee728b)  -> (artifact id: '0c40f0b9373dde358caa1c78106aa6e2') in 0.029884 seconds
Number of updated asset objects reloaded before import = 0
Number of asset objects unloaded after import = 3
========================================================================
Received Import Request.
  Time since last request: 0.000024 seconds.
  path: Assets/alien-slime.png
  artifactKey: Guid(6c080ce3abbd5944db261019e616a185) Importer(815301076,1909f56bfc062723c751e8b465ee728b)
Start importing Assets/alien-slime.png using Guid(6c080ce3abbd5944db261019e616a185) Importer(815301076,1909f56bfc062723c751e8b465ee728b)  -> (artifact id: '389b961cb8f2d53782c4ded4158e9e54') in 0.028870 seconds
Number of updated asset objects reloaded before import = 0
Number of asset objects unloaded after import = 3
========================================================================
Received Import Request.
  Time since last request: 0.000049 seconds.
  path: Assets/button-music-disabled.png
  artifactKey: Guid(efe3313465a31ba4fb0f967835f64454) Importer(815301076,1909f56bfc062723c751e8b465ee728b)
Start importing Assets/button-music-disabled.png using Guid(efe3313465a31ba4fb0f967835f64454) Importer(815301076,1909f56bfc062723c751e8b465ee728b)  -> (artifact id: 'f7ed3461ebdc0319915b23a90d9952b7') in 0.033759 seconds
Number of updated asset objects reloaded before import = 0
Number of asset objects unloaded after import = 3
========================================================================
Received Import Request.
  Time since last request: 0.000033 seconds.
  path: Assets/Car.png
  artifactKey: Guid(87c56891d88db294a82741c04efafc66) Importer(815301076,1909f56bfc062723c751e8b465ee728b)
Start importing Assets/Car.png using Guid(87c56891d88db294a82741c04efafc66) Importer(815301076,1909f56bfc062723c751e8b465ee728b)  -> (artifact id: '66c1bfd19aff0bff886ac9bb5fabf41f') in 0.033316 seconds
Number of updated asset objects reloaded before import = 0
Number of asset objects unloaded after import = 3
========================================================================
Received Import Request.
  Time since last request: 0.000021 seconds.
  path: Assets/bike-driver-hand-part2.png
  artifactKey: Guid(3bea33afa6e140e46a67ec7b1bace7bb) Importer(815301076,1909f56bfc062723c751e8b465ee728b)
Start importing Assets/bike-driver-hand-part2.png using Guid(3bea33afa6e140e46a67ec7b1bace7bb) Importer(815301076,1909f56bfc062723c751e8b465ee728b)  -> (artifact id: '845502b25acd16ec014a2896b0672fdb') in 0.028100 seconds
Number of updated asset objects reloaded before import = 0
Number of asset objects unloaded after import = 3
========================================================================
Received Import Request.
  Time since last request: 0.000015 seconds.
  path: Assets/button-bg.png
  artifactKey: Guid(3a742b66acc613d42922799a8736e917) Importer(815301076,1909f56bfc062723c751e8b465ee728b)
Start importing Assets/button-bg.png using Guid(3a742b66acc613d42922799a8736e917) Importer(815301076,1909f56bfc062723c751e8b465ee728b)  -> (artifact id: '9a02923e8550c26fa0324fb2603c213f') in 0.027624 seconds
Number of updated asset objects reloaded before import = 0
Number of asset objects unloaded after import = 3
Editor requested this worker to shutdown with reason: Scaling down because of idle timeout
TcpMessagingSession - receive error: operation aborted. errorcode: 995, details: The I/O operation has been aborted because of either a thread exit or an application request.
AssetImportWorker is now disconnected from the server
Process exiting
Exiting without the bug reporter. Application will terminate with return code 0